{"category":"application","level":"info","message":"Initializing MongoDB connection...","service":"research-connect","timestamp":"2026-07-11 10:34:29"}
{"category":"application","level":"warn","message":"Mongoose default connection disconnected. Attempting auto-reconnect...","service":"research-connect","timestamp":"2026-07-11 10:34:34"}
{"category":"application","level":"info","message":"Initializing MongoDB connection...","service":"research-connect","timestamp":"2026-07-11 10:34:41"}
{"category":"application","level":"warn","message":"Mongoose default connection disconnected. Attempting auto-reconnect...","service":"research-connect","timestamp":"2026-07-11 10:34:46"}
{"category":"application","level":"info","message":"Initializing MongoDB connection...","service":"research-connect","timestamp":"2026-07-11 10:36:20"}
{"category":"application","level":"warn","message":"Mongoose default connection disconnected. Attempting auto-reconnect...","service":"research-connect","timestamp":"2026-07-11 10:36:25"}
{"category":"application","level":"info","message":"Initializing MongoDB connection...","service":"research-connect","timestamp":"2026-07-11 10:37:56"}
{"category":"application","level":"warn","message":"Mongoose default connection disconnected. Attempting auto-reconnect...","service":"research-connect","timestamp":"2026-07-11 10:38:01"}
{"category":"application","level":"info","message":"Database connection is already in progress...","service":"research-connect","timestamp":"2026-07-11 10:38:01"}
{"category":"application","level":"info","message":"Retrying connection in 5 seconds...","service":"research-connect","timestamp":"2026-07-11 10:38:01"}
{"category":"application","level":"info","message":"Research Connect server running on port 5000 in development mode","service":"research-connect","timestamp":"2026-07-11 10:38:01"}
{"category":"application","level":"info","message":"Auditing and syncing database indexes...","service":"research-connect","timestamp":"2026-07-11 10:38:01"}
{"category":"application","level":"info","message":"Initializing MongoDB connection...","service":"research-connect","timestamp":"2026-07-11 10:38:06"}
{"category":"application","level":"warn","message":"Mongoose default connection disconnected. Attempting auto-reconnect...","service":"research-connect","timestamp":"2026-07-11 10:38:11"}
{"category":"application","level":"info","message":"Database connection is already in progress...","service":"research-connect","timestamp":"2026-07-11 10:38:11"}
{"category":"application","level":"info","message":"Retrying connection in 5 seconds...","service":"research-connect","timestamp":"2026-07-11 10:38:11"}
{"category":"application","level":"debug","message":"Index publication_full_text_search not found or could not be dropped: Operation `publications.dropIndex()` buffering timed out after 10000ms","service":"research-connect","timestamp":"2026-07-11 10:38:11"}
{"category":"application","level":"info","message":"Syncing indexes for model: User","service":"research-connect","timestamp":"2026-07-11 10:38:11"}
{"category":"application","level":"info","message":"Initializing MongoDB connection...","service":"research-connect","timestamp":"2026-07-11 10:38:16"}
{"category":"application","level":"warn","message":"Mongoose default connection disconnected. Attempting auto-reconnect...","service":"research-connect","timestamp":"2026-07-11 10:38:21"}
{"category":"application","level":"info","message":"Database connection is already in progress...","service":"research-connect","timestamp":"2026-07-11 10:38:21"}
{"category":"application","level":"info","message":"Retrying connection in 5 seconds...","service":"research-connect","timestamp":"2026-07-11 10:38:21"}
{"category":"application","level":"info","message":"Initializing background Scholar import queue worker...","service":"research-connect","timestamp":"2026-07-11 10:38:21"}
{"category":"application","level":"info","message":"Initializing background Identity Sync queue worker...","service":"research-connect","timestamp":"2026-07-11 10:38:21"}
{"category":"application","level":"info","message":"Background workers initialized.","service":"research-connect","timestamp":"2026-07-11 10:38:21"}
{"category":"application","level":"info","message":"e382b92c-26f4-456c-bab4-cdb82a5422de ::ffff:127.0.0.1 GET /api/v1/connections/requests/received 401 83 - 5.138 ms","service":"research-connect","tags":["api-request"],"timestamp":"2026-07-11 10:38:25"}
{"category":"application","level":"info","message":"30c8d841-8e22-4f0b-926a-117b52020beb ::ffff:127.0.0.1 GET /api/v1/recommendations/researchers?limit=5 401 83 - 1.996 ms","service":"research-connect","tags":["api-request"],"timestamp":"2026-07-11 10:38:25"}
{"category":"application","level":"info","message":"f2316d20-3080-4665-a427-ec9ff5883204 ::ffff:127.0.0.1 GET /api/v1/events?page=1&limit=3 401 83 - 1.173 ms","service":"research-connect","tags":["api-request"],"timestamp":"2026-07-11 10:38:25"}
{"category":"application","level":"info","message":"01da0436-285f-4d84-9c8c-65ed3b81ff0b ::ffff:127.0.0.1 POST /api/v1/auth/refresh-token 401 88 - 2.576 ms","service":"research-connect","tags":["api-request"],"timestamp":"2026-07-11 10:38:25"}
{"category":"application","level":"info","message":"943b921e-8d31-4214-9ecc-243303863873 ::ffff:127.0.0.1 GET /api/categories 304 - - 0.730 ms","service":"research-connect","tags":["api-request"],"timestamp":"2026-07-11 10:38:25"}
{"category":"application","level":"info","message":"f94ab7b0-97ae-41d8-b4d2-21795ed96026 ::ffff:127.0.0.1 GET /api/categories 304 - - 0.316 ms","service":"research-connect","tags":["api-request"],"timestamp":"2026-07-11 10:38:25"}
{"category":"application","level":"info","message":"Initializing MongoDB connection...","service":"research-connect","timestamp":"2026-07-11 10:38:26"}
{"category":"application","level":"warn","message":"Mongoose default connection disconnected. Attempting auto-reconnect...","service":"research-connect","timestamp":"2026-07-11 10:38:31"}
{"category":"application","level":"info","message":"Database connection is already in progress...","service":"research-connect","timestamp":"2026-07-11 10:38:31"}
{"category":"application","level":"info","message":"Retrying connection in 5 seconds...","service":"research-connect","timestamp":"2026-07-11 10:38:31"}
{"category":"application","level":"info","message":"8e996547-b550-4320-8a2c-d0a121f79fe6 ::ffff:127.0.0.1 GET /api/stats 500 132 - 10014.248 ms","service":"research-connect","tags":["api-request"],"timestamp":"2026-07-11 10:38:35"}
{"category":"application","level":"info","message":"Initializing MongoDB connection...","service":"research-connect","timestamp":"2026-07-11 10:38:36"}
{"category":"application","level":"warn","message":"Mongoose default connection disconnected. Attempting auto-reconnect...","service":"research-connect","timestamp":"2026-07-11 10:38:41"}
{"category":"application","level":"info","message":"Database connection is already in progress...","service":"research-connect","timestamp":"2026-07-11 10:38:41"}
{"category":"application","level":"info","message":"Retrying connection in 5 seconds...","service":"research-connect","timestamp":"2026-07-11 10:38:41"}
{"category":"application","level":"info","message":"Initializing MongoDB connection...","service":"research-connect","timestamp":"2026-07-11 10:38:46"}
{"category":"application","level":"warn","message":"Mongoose default connection disconnected. Attempting auto-reconnect...","service":"research-connect","timestamp":"2026-07-11 10:38:51"}
{"category":"application","level":"info","message":"Database connection is already in progress...","service":"research-connect","timestamp":"2026-07-11 10:38:51"}
{"category":"application","level":"info","message":"Retrying connection in 5 seconds...","service":"research-connect","timestamp":"2026-07-11 10:38:51"}
{"category":"application","level":"info","message":"Initializing MongoDB connection...","service":"research-connect","timestamp":"2026-07-11 10:38:56"}
{"category":"application","level":"warn","message":"Mongoose default connection disconnected. Attempting auto-reconnect...","service":"research-connect","timestamp":"2026-07-11 10:39:01"}
{"category":"application","level":"info","message":"Database connection is already in progress...","service":"research-connect","timestamp":"2026-07-11 10:39:01"}
{"category":"application","level":"info","message":"Retrying connection in 5 seconds...","service":"research-connect","timestamp":"2026-07-11 10:39:01"}
{"category":"application","level":"info","message":"Initializing MongoDB connection...","service":"research-connect","timestamp":"2026-07-11 10:39:06"}
{"category":"application","level":"warn","message":"Mongoose default connection disconnected. Attempting auto-reconnect...","service":"research-connect","timestamp":"2026-07-11 10:39:11"}
{"category":"application","level":"info","message":"Database connection is already in progress...","service":"research-connect","timestamp":"2026-07-11 10:39:11"}
{"category":"application","level":"info","message":"Retrying connection in 5 seconds...","service":"research-connect","timestamp":"2026-07-11 10:39:11"}
{"category":"application","level":"info","message":"Initializing MongoDB connection...","service":"research-connect","timestamp":"2026-07-11 10:39:16"}
{"category":"application","level":"warn","message":"Mongoose default connection disconnected. Attempting auto-reconnect...","service":"research-connect","timestamp":"2026-07-11 10:39:21"}
{"category":"application","level":"info","message":"Database connection is already in progress...","service":"research-connect","timestamp":"2026-07-11 10:39:21"}
{"category":"application","level":"info","message":"Retrying connection in 5 seconds...","service":"research-connect","timestamp":"2026-07-11 10:39:21"}
{"category":"application","level":"info","message":"Initializing MongoDB connection...","service":"research-connect","timestamp":"2026-07-11 10:39:26"}
{"category":"application","level":"warn","message":"Mongoose default connection disconnected. Attempting auto-reconnect...","service":"research-connect","timestamp":"2026-07-11 10:39:31"}
{"category":"application","level":"info","message":"Database connection is already in progress...","service":"research-connect","timestamp":"2026-07-11 10:39:31"}
{"category":"application","level":"info","message":"Retrying connection in 5 seconds...","service":"research-connect","timestamp":"2026-07-11 10:39:31"}
{"category":"application","level":"info","message":"Initializing MongoDB connection...","service":"research-connect","timestamp":"2026-07-11 10:39:36"}
{"category":"application","level":"warn","message":"Mongoose default connection disconnected. Attempting auto-reconnect...","service":"research-connect","timestamp":"2026-07-11 10:39:41"}
{"category":"application","level":"info","message":"Database connection is already in progress...","service":"research-connect","timestamp":"2026-07-11 10:39:41"}
{"category":"application","level":"info","message":"Retrying connection in 5 seconds...","service":"research-connect","timestamp":"2026-07-11 10:39:41"}
{"category":"application","level":"info","message":"Initializing MongoDB connection...","service":"research-connect","timestamp":"2026-07-11 10:39:46"}
{"category":"application","level":"warn","message":"Mongoose default connection disconnected. Attempting auto-reconnect...","service":"research-connect","timestamp":"2026-07-11 10:39:51"}
{"category":"application","level":"info","message":"Database connection is already in progress...","service":"research-connect","timestamp":"2026-07-11 10:39:51"}
{"category":"application","level":"info","message":"Retrying connection in 5 seconds...","service":"research-connect","timestamp":"2026-07-11 10:39:51"}
{"category":"application","level":"info","message":"Initializing MongoDB connection...","service":"research-connect","timestamp":"2026-07-11 10:39:56"}
{"category":"application","level":"warn","message":"Mongoose default connection disconnected. Attempting auto-reconnect...","service":"research-connect","timestamp":"2026-07-11 10:40:01"}
{"category":"application","level":"info","message":"Database connection is already in progress...","service":"research-connect","timestamp":"2026-07-11 10:40:01"}
{"category":"application","level":"info","message":"Retrying connection in 5 seconds...","service":"research-connect","timestamp":"2026-07-11 10:40:01"}
{"category":"application","level":"info","message":"Initializing MongoDB connection...","service":"research-connect","timestamp":"2026-07-11 10:40:06"}
{"category":"application","level":"warn","message":"Mongoose default connection disconnected. Attempting auto-reconnect...","service":"research-connect","timestamp":"2026-07-11 10:40:11"}
{"category":"application","level":"info","message":"Database connection is already in progress...","service":"research-connect","timestamp":"2026-07-11 10:40:11"}
{"category":"application","level":"info","message":"Retrying connection in 5 seconds...","service":"research-connect","timestamp":"2026-07-11 10:40:11"}
{"category":"application","level":"info","message":"Initializing MongoDB connection...","service":"research-connect","timestamp":"2026-07-11 10:40:16"}
{"category":"application","level":"warn","message":"Mongoose default connection disconnected. Attempting auto-reconnect...","service":"research-connect","timestamp":"2026-07-11 10:40:21"}
{"category":"application","level":"info","message":"Database connection is already in progress...","service":"research-connect","timestamp":"2026-07-11 10:40:21"}
{"category":"application","level":"info","message":"Retrying connection in 5 seconds...","service":"research-connect","timestamp":"2026-07-11 10:40:21"}
{"category":"application","level":"info","message":"Initializing MongoDB connection...","service":"research-connect","timestamp":"2026-07-11 10:40:26"}
{"category":"application","level":"warn","message":"Mongoose default connection disconnected. Attempting auto-reconnect...","service":"research-connect","timestamp":"2026-07-11 10:40:31"}
{"category":"application","level":"info","message":"Database connection is already in progress...","service":"research-connect","timestamp":"2026-07-11 10:40:31"}
{"category":"application","level":"info","message":"Retrying connection in 5 seconds...","service":"research-connect","timestamp":"2026-07-11 10:40:31"}
{"category":"application","level":"info","message":"Initializing MongoDB connection...","service":"research-connect","timestamp":"2026-07-11 10:40:36"}
{"category":"application","level":"warn","message":"Mongoose default connection disconnected. Attempting auto-reconnect...","service":"research-connect","timestamp":"2026-07-11 10:40:41"}
{"category":"application","level":"info","message":"Database connection is already in progress...","service":"research-connect","timestamp":"2026-07-11 10:40:41"}
{"category":"application","level":"info","message":"Retrying connection in 5 seconds...","service":"research-connect","timestamp":"2026-07-11 10:40:41"}
{"category":"application","level":"info","message":"Initializing MongoDB connection...","service":"research-connect","timestamp":"2026-07-11 10:40:46"}
{"category":"application","level":"warn","message":"Mongoose default connection disconnected. Attempting auto-reconnect...","service":"research-connect","timestamp":"2026-07-11 10:40:51"}
{"category":"application","level":"info","message":"Database connection is already in progress...","service":"research-connect","timestamp":"2026-07-11 10:40:51"}
{"category":"application","level":"info","message":"Retrying connection in 5 seconds...","service":"research-connect","timestamp":"2026-07-11 10:40:51"}
{"category":"application","level":"info","message":"Initializing MongoDB connection...","service":"research-connect","timestamp":"2026-07-11 10:40:56"}
{"category":"application","level":"warn","message":"Mongoose default connection disconnected. Attempting auto-reconnect...","service":"research-connect","timestamp":"2026-07-11 10:41:01"}
{"category":"application","level":"info","message":"Database connection is already in progress...","service":"research-connect","timestamp":"2026-07-11 10:41:01"}
{"category":"application","level":"info","message":"Retrying connection in 5 seconds...","service":"research-connect","timestamp":"2026-07-11 10:41:01"}
{"category":"application","level":"info","message":"Initializing MongoDB connection...","service":"research-connect","timestamp":"2026-07-11 10:41:06"}
{"category":"application","level":"warn","message":"Mongoose default connection disconnected. Attempting auto-reconnect...","service":"research-connect","timestamp":"2026-07-11 10:41:11"}
{"category":"application","level":"info","message":"Database connection is already in progress...","service":"research-connect","timestamp":"2026-07-11 10:41:11"}
{"category":"application","level":"info","message":"Retrying connection in 5 seconds...","service":"research-connect","timestamp":"2026-07-11 10:41:11"}
{"category":"application","level":"info","message":"Initializing MongoDB connection...","service":"research-connect","timestamp":"2026-07-11 10:41:16"}
{"category":"application","level":"warn","message":"Mongoose default connection disconnected. Attempting auto-reconnect...","service":"research-connect","timestamp":"2026-07-11 10:41:21"}
{"category":"application","level":"info","message":"Database connection is already in progress...","service":"research-connect","timestamp":"2026-07-11 10:41:21"}
{"category":"application","level":"info","message":"Retrying connection in 5 seconds...","service":"research-connect","timestamp":"2026-07-11 10:41:21"}
{"category":"application","level":"info","message":"Initializing MongoDB connection...","service":"research-connect","timestamp":"2026-07-11 10:41:26"}
{"category":"application","level":"info","message":"Attempting to connect to MongoDB...","service":"research-connect","timestamp":"2026-07-11 10:41:37"}
{"category":"application","level":"warn","message":"MongoDB disconnected.","service":"research-connect","timestamp":"2026-07-11 10:41:37"}
{"category":"application","level":"info","message":"Retrying in 2000ms...","service":"research-connect","timestamp":"2026-07-11 10:41:37"}
{"category":"application","level":"info","message":"Attempting to connect to MongoDB...","service":"research-connect","timestamp":"2026-07-11 10:41:39"}
{"category":"application","level":"warn","message":"MongoDB disconnected.","service":"research-connect","timestamp":"2026-07-11 10:41:39"}
{"category":"application","level":"info","message":"Retrying in 4000ms...","service":"research-connect","timestamp":"2026-07-11 10:41:39"}
{"category":"application","level":"info","message":"Attempting to connect to MongoDB...","service":"research-connect","timestamp":"2026-07-11 10:41:43"}
{"category":"application","level":"warn","message":"MongoDB disconnected.","service":"research-connect","timestamp":"2026-07-11 10:41:43"}
{"category":"application","level":"info","message":"Retrying in 8000ms...","service":"research-connect","timestamp":"2026-07-11 10:41:43"}
{"category":"application","level":"info","message":"Attempting to connect to MongoDB...","service":"research-connect","timestamp":"2026-07-11 10:41:51"}
{"category":"application","level":"warn","message":"MongoDB disconnected.","service":"research-connect","timestamp":"2026-07-11 10:41:51"}
{"category":"application","level":"info","message":"Retrying in 16000ms...","service":"research-connect","timestamp":"2026-07-11 10:41:51"}
{"category":"application","level":"info","message":"Attempting to connect to MongoDB...","service":"research-connect","timestamp":"2026-07-11 10:42:07"}
{"category":"application","level":"warn","message":"MongoDB disconnected.","service":"research-connect","timestamp":"2026-07-11 10:42:07"}
{"category":"application","level":"info","message":"Retrying in 30000ms...","service":"research-connect","timestamp":"2026-07-11 10:42:07"}
{"category":"application","level":"info","message":"Attempting to connect to MongoDB...","service":"research-connect","timestamp":"2026-07-11 10:42:17"}
{"category":"application","level":"warn","message":"MongoDB disconnected.","service":"research-connect","timestamp":"2026-07-11 10:42:17"}
{"category":"application","level":"info","message":"Retrying in 2000ms...","service":"research-connect","timestamp":"2026-07-11 10:42:17"}
{"category":"application","level":"info","message":"Attempting to connect to MongoDB...","service":"research-connect","timestamp":"2026-07-11 10:42:19"}
{"category":"application","level":"warn","message":"MongoDB disconnected.","service":"research-connect","timestamp":"2026-07-11 10:42:19"}
{"category":"application","level":"info","message":"Retrying in 4000ms...","service":"research-connect","timestamp":"2026-07-11 10:42:19"}
{"category":"application","level":"info","message":"Attempting to connect to MongoDB...","service":"research-connect","timestamp":"2026-07-11 10:42:23"}
{"category":"application","level":"warn","message":"MongoDB disconnected.","service":"research-connect","timestamp":"2026-07-11 10:42:23"}
{"category":"application","level":"info","message":"Retrying in 8000ms...","service":"research-connect","timestamp":"2026-07-11 10:42:23"}
{"category":"application","level":"info","message":"Attempting to connect to MongoDB...","service":"research-connect","timestamp":"2026-07-11 10:42:31"}
{"category":"application","level":"warn","message":"MongoDB disconnected.","service":"research-connect","timestamp":"2026-07-11 10:42:31"}
{"category":"application","level":"info","message":"Retrying in 16000ms...","service":"research-connect","timestamp":"2026-07-11 10:42:31"}
{"category":"application","level":"info","message":"Attempting to connect to MongoDB...","service":"research-connect","timestamp":"2026-07-11 10:42:47"}
{"category":"application","level":"warn","message":"MongoDB disconnected.","service":"research-connect","timestamp":"2026-07-11 10:42:47"}
{"category":"application","level":"info","message":"Retrying in 30000ms...","service":"research-connect","timestamp":"2026-07-11 10:42:47"}
{"category":"application","level":"info","message":"Attempting to connect to MongoDB...","service":"research-connect","timestamp":"2026-07-11 10:42:49"}
{"category":"application","level":"warn","message":"MongoDB disconnected.","service":"research-connect","timestamp":"2026-07-11 10:42:49"}
{"category":"application","level":"info","message":"Retrying in 2000ms...","service":"research-connect","timestamp":"2026-07-11 10:42:49"}
{"category":"application","level":"info","message":"Attempting to connect to MongoDB...","service":"research-connect","timestamp":"2026-07-11 10:42:51"}
{"category":"application","level":"warn","message":"MongoDB disconnected.","service":"research-connect","timestamp":"2026-07-11 10:42:51"}
{"category":"application","level":"info","message":"Retrying in 4000ms...","service":"research-connect","timestamp":"2026-07-11 10:42:51"}
{"category":"application","level":"info","message":"Attempting to connect to MongoDB...","service":"research-connect","timestamp":"2026-07-11 10:42:55"}
{"category":"application","level":"warn","message":"MongoDB disconnected.","service":"research-connect","timestamp":"2026-07-11 10:42:55"}
{"category":"application","level":"info","message":"Retrying in 8000ms...","service":"research-connect","timestamp":"2026-07-11 10:42:55"}
{"category":"application","level":"info","message":"Attempting to connect to MongoDB...","service":"research-connect","timestamp":"2026-07-11 10:43:03"}
{"category":"application","level":"warn","message":"MongoDB disconnected.","service":"research-connect","timestamp":"2026-07-11 10:43:03"}
{"category":"application","level":"info","message":"Retrying in 16000ms...","service":"research-connect","timestamp":"2026-07-11 10:43:03"}
{"category":"application","level":"info","message":"Attempting to connect to MongoDB...","service":"research-connect","timestamp":"2026-07-11 10:43:19"}
{"category":"application","level":"warn","message":"MongoDB disconnected.","service":"research-connect","timestamp":"2026-07-11 10:43:19"}
{"category":"application","level":"info","message":"Retrying in 30000ms...","service":"research-connect","timestamp":"2026-07-11 10:43:19"}
{"category":"application","level":"info","message":"Attempting to connect to MongoDB...","service":"research-connect","timestamp":"2026-07-11 10:43:49"}
{"category":"application","level":"warn","message":"MongoDB disconnected.","service":"research-connect","timestamp":"2026-07-11 10:43:49"}
{"category":"application","level":"info","message":"Retrying in 30000ms...","service":"research-connect","timestamp":"2026-07-11 10:43:49"}
{"category":"application","level":"info","message":"Attempting to connect to MongoDB...","service":"research-connect","timestamp":"2026-07-11 10:44:19"}
{"category":"application","level":"warn","message":"MongoDB disconnected.","service":"research-connect","timestamp":"2026-07-11 10:44:19"}
{"category":"application","level":"info","message":"Retrying in 30000ms...","service":"research-connect","timestamp":"2026-07-11 10:44:19"}
{"category":"application","level":"info","message":"Attempting to connect to MongoDB...","service":"research-connect","timestamp":"2026-07-11 10:44:49"}
{"category":"application","level":"warn","message":"MongoDB disconnected.","service":"research-connect","timestamp":"2026-07-11 10:44:49"}
{"category":"application","level":"info","message":"Retrying in 30000ms...","service":"research-connect","timestamp":"2026-07-11 10:44:49"}
{"category":"application","level":"info","message":"Attempting to connect to MongoDB...","service":"research-connect","timestamp":"2026-07-11 10:45:19"}
{"category":"application","level":"warn","message":"MongoDB disconnected.","service":"research-connect","timestamp":"2026-07-11 10:45:19"}
{"category":"application","level":"info","message":"Retrying in 30000ms...","service":"research-connect","timestamp":"2026-07-11 10:45:19"}
{"category":"application","level":"info","message":"Attempting to connect to MongoDB...","service":"research-connect","timestamp":"2026-07-11 10:45:49"}
{"category":"application","level":"warn","message":"MongoDB disconnected.","service":"research-connect","timestamp":"2026-07-11 10:45:49"}
{"category":"application","level":"info","message":"Retrying in 30000ms...","service":"research-connect","timestamp":"2026-07-11 10:45:49"}
{"category":"application","level":"info","message":"Attempting to connect to MongoDB...","service":"research-connect","timestamp":"2026-07-11 10:46:19"}
{"category":"application","level":"warn","message":"MongoDB disconnected.","service":"research-connect","timestamp":"2026-07-11 10:46:19"}
{"category":"application","level":"info","message":"Retrying in 30000ms...","service":"research-connect","timestamp":"2026-07-11 10:46:19"}
{"category":"application","level":"info","message":"Attempting to connect to MongoDB...","service":"research-connect","timestamp":"2026-07-11 10:46:49"}
{"category":"application","level":"warn","message":"MongoDB disconnected.","service":"research-connect","timestamp":"2026-07-11 10:46:49"}
{"category":"application","level":"info","message":"Retrying in 30000ms...","service":"research-connect","timestamp":"2026-07-11 10:46:49"}
{"category":"application","level":"info","message":"Attempting to connect to MongoDB...","service":"research-connect","timestamp":"2026-07-11 10:47:19"}
{"category":"application","level":"warn","message":"MongoDB disconnected.","service":"research-connect","timestamp":"2026-07-11 10:47:19"}
{"category":"application","level":"info","message":"Retrying in 30000ms...","service":"research-connect","timestamp":"2026-07-11 10:47:19"}
{"category":"application","level":"info","message":"Attempting to connect to MongoDB...","service":"research-connect","timestamp":"2026-07-11 10:47:49"}
{"category":"application","level":"warn","message":"MongoDB disconnected.","service":"research-connect","timestamp":"2026-07-11 10:47:49"}
{"category":"application","level":"info","message":"Retrying in 30000ms...","service":"research-connect","timestamp":"2026-07-11 10:47:49"}
{"category":"application","level":"info","message":"Attempting to connect to MongoDB...","service":"research-connect","timestamp":"2026-07-11 10:48:19"}
{"category":"application","level":"warn","message":"MongoDB disconnected.","service":"research-connect","timestamp":"2026-07-11 10:48:19"}
{"category":"application","level":"info","message":"Retrying in 30000ms...","service":"research-connect","timestamp":"2026-07-11 10:48:19"}
{"category":"application","level":"info","message":"Attempting to connect to MongoDB...","service":"research-connect","timestamp":"2026-07-11 10:48:49"}
{"category":"application","level":"warn","message":"MongoDB disconnected.","service":"research-connect","timestamp":"2026-07-11 10:48:49"}
{"category":"application","level":"info","message":"Retrying in 30000ms...","service":"research-connect","timestamp":"2026-07-11 10:48:49"}
{"category":"application","level":"info","message":"Attempting to connect to MongoDB...","service":"research-connect","timestamp":"2026-07-11 10:49:19"}
{"category":"application","level":"warn","message":"MongoDB disconnected.","service":"research-connect","timestamp":"2026-07-11 10:49:19"}
{"category":"application","level":"info","message":"Retrying in 30000ms...","service":"research-connect","timestamp":"2026-07-11 10:49:19"}
{"category":"application","level":"info","message":"Attempting to connect to MongoDB...","service":"research-connect","timestamp":"2026-07-11 10:49:49"}
{"category":"application","level":"warn","message":"MongoDB disconnected.","service":"research-connect","timestamp":"2026-07-11 10:49:49"}
{"category":"application","level":"info","message":"Retrying in 30000ms...","service":"research-connect","timestamp":"2026-07-11 10:49:49"}
{"category":"application","level":"info","message":"Attempting to connect to MongoDB...","service":"research-connect","timestamp":"2026-07-11 10:50:19"}
{"category":"application","level":"warn","message":"MongoDB disconnected.","service":"research-connect","timestamp":"2026-07-11 10:50:19"}
{"category":"application","level":"info","message":"Retrying in 30000ms...","service":"research-connect","timestamp":"2026-07-11 10:50:19"}
{"category":"application","level":"info","message":"Attempting to connect to MongoDB...","service":"research-connect","timestamp":"2026-07-11 10:50:49"}
{"category":"application","level":"warn","message":"MongoDB disconnected.","service":"research-connect","timestamp":"2026-07-11 10:50:49"}
{"category":"application","level":"info","message":"Retrying in 30000ms...","service":"research-connect","timestamp":"2026-07-11 10:50:49"}
{"category":"application","level":"info","message":"Attempting to connect to MongoDB...","service":"research-connect","timestamp":"2026-07-11 10:51:19"}
{"category":"application","level":"warn","message":"MongoDB disconnected.","service":"research-connect","timestamp":"2026-07-11 10:51:19"}
{"category":"application","level":"info","message":"Retrying in 30000ms...","service":"research-connect","timestamp":"2026-07-11 10:51:19"}
{"category":"application","level":"info","message":"Attempting to connect to MongoDB...","service":"research-connect","timestamp":"2026-07-11 10:51:49"}
{"category":"application","level":"warn","message":"MongoDB disconnected.","service":"research-connect","timestamp":"2026-07-11 10:51:50"}
{"category":"application","level":"info","message":"Retrying in 30000ms...","service":"research-connect","timestamp":"2026-07-11 10:51:50"}
{"category":"application","level":"info","message":"Attempting to connect to MongoDB...","service":"research-connect","timestamp":"2026-07-11 10:52:20"}
{"category":"application","level":"warn","message":"MongoDB disconnected.","service":"research-connect","timestamp":"2026-07-11 10:52:20"}
{"category":"application","level":"info","message":"Retrying in 30000ms...","service":"research-connect","timestamp":"2026-07-11 10:52:20"}
{"category":"application","level":"info","message":"Attempting to connect to MongoDB...","service":"research-connect","timestamp":"2026-07-11 10:52:50"}
{"category":"application","level":"warn","message":"MongoDB disconnected.","service":"research-connect","timestamp":"2026-07-11 10:52:50"}
{"category":"application","level":"info","message":"Retrying in 30000ms...","service":"research-connect","timestamp":"2026-07-11 10:52:50"}
{"category":"application","level":"info","message":"Attempting to connect to MongoDB...","service":"research-connect","timestamp":"2026-07-11 10:53:20"}
{"category":"application","level":"warn","message":"MongoDB disconnected.","service":"research-connect","timestamp":"2026-07-11 10:53:20"}
{"category":"application","level":"info","message":"Retrying in 30000ms...","service":"research-connect","timestamp":"2026-07-11 10:53:20"}
{"category":"application","level":"info","message":"Attempting to connect to MongoDB...","service":"research-connect","timestamp":"2026-07-11 10:53:50"}
{"category":"application","level":"warn","message":"MongoDB disconnected.","service":"research-connect","timestamp":"2026-07-11 10:53:50"}
{"category":"application","level":"info","message":"Retrying in 30000ms...","service":"research-connect","timestamp":"2026-07-11 10:53:50"}
{"category":"application","level":"info","message":"Attempting to connect to MongoDB...","service":"research-connect","timestamp":"2026-07-11 10:54:20"}
{"category":"application","level":"warn","message":"MongoDB disconnected.","service":"research-connect","timestamp":"2026-07-11 10:54:20"}
{"category":"application","level":"info","message":"Retrying in 30000ms...","service":"research-connect","timestamp":"2026-07-11 10:54:20"}
{"category":"application","level":"info","message":"Attempting to connect to MongoDB...","service":"research-connect","timestamp":"2026-07-11 10:54:50"}
{"category":"application","level":"warn","message":"MongoDB disconnected.","service":"research-connect","timestamp":"2026-07-11 10:54:50"}
{"category":"application","level":"info","message":"Retrying in 30000ms...","service":"research-connect","timestamp":"2026-07-11 10:54:50"}
{"category":"application","level":"info","message":"Initializing MongoDB connection...","service":"research-connect","timestamp":"2026-07-11 10:55:13"}
{"category":"application","level":"warn","message":"Mongoose default connection disconnected. Attempting auto-reconnect...","service":"research-connect","timestamp":"2026-07-11 10:55:18"}
{"category":"application","level":"info","message":"Database connection is already in progress...","service":"research-connect","timestamp":"2026-07-11 10:55:18"}
{"category":"application","level":"info","message":"Retrying connection in 5 seconds...","service":"research-connect","timestamp":"2026-07-11 10:55:18"}
{"category":"application","level":"info","message":"Research Connect server running on port 5000 in development mode","service":"research-connect","timestamp":"2026-07-11 10:55:19"}
{"category":"application","level":"info","message":"Auditing and syncing database indexes...","service":"research-connect","timestamp":"2026-07-11 10:55:19"}
{"category":"application","level":"info","message":"Initializing MongoDB connection...","service":"research-connect","timestamp":"2026-07-11 10:55:23"}
{"category":"application","level":"info","message":"Initializing MongoDB connection...","service":"research-connect","timestamp":"2026-07-11 10:57:05"}
{"category":"application","level":"warn","message":"Mongoose default connection disconnected. Attempting auto-reconnect...","service":"research-connect","timestamp":"2026-07-11 10:57:10"}
{"category":"application","level":"info","message":"Database connection is already in progress...","service":"research-connect","timestamp":"2026-07-11 10:57:10"}
{"category":"application","level":"info","message":"Retrying connection in 5 seconds...","service":"research-connect","timestamp":"2026-07-11 10:57:10"}
{"category":"application","level":"info","message":"Research Connect server running on port 5000 in development mode","service":"research-connect","timestamp":"2026-07-11 10:57:11"}
{"category":"application","level":"info","message":"Auditing and syncing database indexes...","service":"research-connect","timestamp":"2026-07-11 10:57:11"}
{"category":"application","level":"info","message":"Initializing MongoDB connection...","service":"research-connect","timestamp":"2026-07-11 10:57:15"}
{"category":"application","level":"warn","message":"Mongoose default connection disconnected. Attempting auto-reconnect...","service":"research-connect","timestamp":"2026-07-11 10:57:20"}
{"category":"application","level":"info","message":"Database connection is already in progress...","service":"research-connect","timestamp":"2026-07-11 10:57:20"}
{"category":"application","level":"info","message":"Retrying connection in 5 seconds...","service":"research-connect","timestamp":"2026-07-11 10:57:20"}
{"category":"application","level":"debug","message":"Index publication_full_text_search not found or could not be dropped: Operation `publications.dropIndex()` buffering timed out after 10000ms","service":"research-connect","timestamp":"2026-07-11 10:57:21"}
{"category":"application","level":"info","message":"Syncing indexes for model: User","service":"research-connect","timestamp":"2026-07-11 10:57:21"}
{"category":"application","level":"info","message":"Initializing MongoDB connection...","service":"research-connect","timestamp":"2026-07-11 10:57:25"}
{"category":"application","level":"warn","message":"Mongoose default connection disconnected. Attempting auto-reconnect...","service":"research-connect","timestamp":"2026-07-11 10:57:30"}
{"category":"application","level":"info","message":"Database connection is already in progress...","service":"research-connect","timestamp":"2026-07-11 10:57:30"}
{"category":"application","level":"info","message":"Retrying connection in 5 seconds...","service":"research-connect","timestamp":"2026-07-11 10:57:30"}
{"category":"application","level":"info","message":"Initializing background Scholar import queue worker...","service":"research-connect","timestamp":"2026-07-11 10:57:31"}
{"category":"application","level":"info","message":"Initializing background Identity Sync queue worker...","service":"research-connect","timestamp":"2026-07-11 10:57:31"}
{"category":"application","level":"info","message":"Background workers initialized.","service":"research-connect","timestamp":"2026-07-11 10:57:31"}
{"category":"application","level":"info","message":"Initializing MongoDB connection...","service":"research-connect","timestamp":"2026-07-11 10:57:35"}
{"category":"application","level":"warn","message":"Mongoose default connection disconnected. Attempting auto-reconnect...","service":"research-connect","timestamp":"2026-07-11 10:57:40"}
{"category":"application","level":"info","message":"Database connection is already in progress...","service":"research-connect","timestamp":"2026-07-11 10:57:40"}
{"category":"application","level":"info","message":"Retrying connection in 5 seconds...","service":"research-connect","timestamp":"2026-07-11 10:57:40"}
{"category":"application","level":"info","message":"Initializing MongoDB connection...","service":"research-connect","timestamp":"2026-07-11 10:57:45"}
{"category":"application","level":"info","message":"35873860-8a1b-475e-9502-335e7c286723 ::ffff:127.0.0.1 GET /api/categories 304 - - 1.040 ms","service":"research-connect","tags":["api-request"],"timestamp":"2026-07-11 10:57:46"}
{"category":"application","level":"info","message":"ac133b2e-9d8d-4e10-8284-950632fd8314 ::ffff:127.0.0.1 GET /api/categories 304 - - 0.312 ms","service":"research-connect","tags":["api-request"],"timestamp":"2026-07-11 10:57:46"}
{"category":"application","level":"warn","message":"Mongoose default connection disconnected. Attempting auto-reconnect...","service":"research-connect","timestamp":"2026-07-11 10:57:50"}
{"category":"application","level":"info","message":"Database connection is already in progress...","service":"research-connect","timestamp":"2026-07-11 10:57:50"}
{"category":"application","level":"info","message":"Retrying connection in 5 seconds...","service":"research-connect","timestamp":"2026-07-11 10:57:50"}
{"category":"application","level":"info","message":"Initializing MongoDB connection...","service":"research-connect","timestamp":"2026-07-11 10:57:55"}
{"category":"application","level":"info","message":"9ec7310f-d78b-48a4-829c-8de23e413b14 ::ffff:127.0.0.1 GET /api/stats 500 132 - 10003.253 ms","service":"research-connect","tags":["api-request"],"timestamp":"2026-07-11 10:57:56"}
{"category":"application","level":"warn","message":"Mongoose default connection disconnected. Attempting auto-reconnect...","service":"research-connect","timestamp":"2026-07-11 10:58:00"}
{"category":"application","level":"info","message":"Database connection is already in progress...","service":"research-connect","timestamp":"2026-07-11 10:58:00"}
{"category":"application","level":"info","message":"Retrying connection in 5 seconds...","service":"research-connect","timestamp":"2026-07-11 10:58:00"}
{"category":"application","level":"info","message":"Initializing MongoDB connection...","service":"research-connect","timestamp":"2026-07-11 10:58:05"}
{"category":"application","level":"info","message":"de1e4fcf-31d5-4fcd-bf69-fea28df60218 ::ffff:127.0.0.1 GET /api/stats 500 132 - 10007.996 ms","service":"research-connect","tags":["api-request"],"timestamp":"2026-07-11 10:58:06"}
{"category":"application","level":"warn","message":"Mongoose default connection disconnected. Attempting auto-reconnect...","service":"research-connect","timestamp":"2026-07-11 10:58:10"}
{"category":"application","level":"info","message":"Database connection is already in progress...","service":"research-connect","timestamp":"2026-07-11 10:58:10"}
{"category":"application","level":"info","message":"Retrying connection in 5 seconds...","service":"research-connect","timestamp":"2026-07-11 10:58:10"}
{"category":"application","level":"info","message":"Initializing MongoDB connection...","service":"research-connect","timestamp":"2026-07-11 10:58:15"}
{"category":"application","level":"warn","message":"Mongoose default connection disconnected. Attempting auto-reconnect...","service":"research-connect","timestamp":"2026-07-11 10:58:20"}
{"category":"application","level":"info","message":"Database connection is already in progress...","service":"research-connect","timestamp":"2026-07-11 10:58:20"}
{"category":"application","level":"info","message":"Retrying connection in 5 seconds...","service":"research-connect","timestamp":"2026-07-11 10:58:20"}
{"category":"application","level":"info","message":"Initializing MongoDB connection...","service":"research-connect","timestamp":"2026-07-11 10:58:25"}
{"category":"application","level":"warn","message":"Mongoose default connection disconnected. Attempting auto-reconnect...","service":"research-connect","timestamp":"2026-07-11 10:58:30"}
{"category":"application","level":"info","message":"Database connection is already in progress...","service":"research-connect","timestamp":"2026-07-11 10:58:30"}
{"category":"application","level":"info","message":"Retrying connection in 5 seconds...","service":"research-connect","timestamp":"2026-07-11 10:58:30"}
{"category":"application","level":"info","message":"Initializing MongoDB connection...","service":"research-connect","timestamp":"2026-07-11 10:58:35"}
{"category":"application","level":"warn","message":"Mongoose default connection disconnected. Attempting auto-reconnect...","service":"research-connect","timestamp":"2026-07-11 10:58:40"}
{"category":"application","level":"info","message":"Database connection is already in progress...","service":"research-connect","timestamp":"2026-07-11 10:58:40"}
{"category":"application","level":"info","message":"Retrying connection in 5 seconds...","service":"research-connect","timestamp":"2026-07-11 10:58:40"}
{"category":"application","level":"info","message":"Initializing MongoDB connection...","service":"research-connect","timestamp":"2026-07-11 10:58:45"}
{"category":"application","level":"warn","message":"Mongoose default connection disconnected. Attempting auto-reconnect...","service":"research-connect","timestamp":"2026-07-11 10:58:50"}
{"category":"application","level":"info","message":"Database connection is already in progress...","service":"research-connect","timestamp":"2026-07-11 10:58:50"}
{"category":"application","level":"info","message":"Retrying connection in 5 seconds...","service":"research-connect","timestamp":"2026-07-11 10:58:50"}
{"category":"application","level":"info","message":"Initializing MongoDB connection...","service":"research-connect","timestamp":"2026-07-11 10:58:55"}
{"category":"application","level":"warn","message":"Mongoose default connection disconnected. Attempting auto-reconnect...","service":"research-connect","timestamp":"2026-07-11 10:59:00"}
{"category":"application","level":"info","message":"Database connection is already in progress...","service":"research-connect","timestamp":"2026-07-11 10:59:00"}
{"category":"application","level":"info","message":"Retrying connection in 5 seconds...","service":"research-connect","timestamp":"2026-07-11 10:59:00"}
{"category":"application","level":"info","message":"Initializing MongoDB connection...","service":"research-connect","timestamp":"2026-07-11 10:59:05"}
{"category":"application","level":"warn","message":"Mongoose default connection disconnected. Attempting auto-reconnect...","service":"research-connect","timestamp":"2026-07-11 10:59:10"}
{"category":"application","level":"info","message":"Database connection is already in progress...","service":"research-connect","timestamp":"2026-07-11 10:59:10"}
{"category":"application","level":"info","message":"Retrying connection in 5 seconds...","service":"research-connect","timestamp":"2026-07-11 10:59:10"}
{"category":"application","level":"info","message":"Initializing MongoDB connection...","service":"research-connect","timestamp":"2026-07-11 10:59:15"}
{"category":"application","level":"warn","message":"Mongoose default connection disconnected. Attempting auto-reconnect...","service":"research-connect","timestamp":"2026-07-11 10:59:20"}
{"category":"application","level":"info","message":"Database connection is already in progress...","service":"research-connect","timestamp":"2026-07-11 10:59:20"}
{"category":"application","level":"info","message":"Retrying connection in 5 seconds...","service":"research-connect","timestamp":"2026-07-11 10:59:20"}
{"category":"application","level":"info","message":"Initializing MongoDB connection...","service":"research-connect","timestamp":"2026-07-11 10:59:25"}
{"category":"application","level":"warn","message":"Mongoose default connection disconnected. Attempting auto-reconnect...","service":"research-connect","timestamp":"2026-07-11 10:59:30"}
{"category":"application","level":"info","message":"Database connection is already in progress...","service":"research-connect","timestamp":"2026-07-11 10:59:30"}
{"category":"application","level":"info","message":"Retrying connection in 5 seconds...","service":"research-connect","timestamp":"2026-07-11 10:59:30"}
{"category":"application","level":"info","message":"Initializing MongoDB connection...","service":"research-connect","timestamp":"2026-07-11 10:59:35"}
{"category":"application","level":"warn","message":"Mongoose default connection disconnected. Attempting auto-reconnect...","service":"research-connect","timestamp":"2026-07-11 10:59:40"}
{"category":"application","level":"info","message":"Database connection is already in progress...","service":"research-connect","timestamp":"2026-07-11 10:59:40"}
{"category":"application","level":"info","message":"Retrying connection in 5 seconds...","service":"research-connect","timestamp":"2026-07-11 10:59:40"}
{"category":"application","level":"info","message":"Initializing MongoDB connection...","service":"research-connect","timestamp":"2026-07-11 10:59:45"}
{"category":"application","level":"warn","message":"Mongoose default connection disconnected. Attempting auto-reconnect...","service":"research-connect","timestamp":"2026-07-11 10:59:50"}
{"category":"application","level":"info","message":"Database connection is already in progress...","service":"research-connect","timestamp":"2026-07-11 10:59:50"}
{"category":"application","level":"info","message":"Retrying connection in 5 seconds...","service":"research-connect","timestamp":"2026-07-11 10:59:50"}
{"category":"application","level":"info","message":"Initializing MongoDB connection...","service":"research-connect","timestamp":"2026-07-11 10:59:55"}
{"category":"application","level":"warn","message":"Mongoose default connection disconnected. Attempting auto-reconnect...","service":"research-connect","timestamp":"2026-07-11 11:00:00"}
{"category":"application","level":"info","message":"Database connection is already in progress...","service":"research-connect","timestamp":"2026-07-11 11:00:00"}
{"category":"application","level":"info","message":"Retrying connection in 5 seconds...","service":"research-connect","timestamp":"2026-07-11 11:00:00"}
{"category":"application","level":"info","message":"Initializing MongoDB connection...","service":"research-connect","timestamp":"2026-07-11 11:00:05"}
{"category":"application","level":"warn","message":"Mongoose default connection disconnected. Attempting auto-reconnect...","service":"research-connect","timestamp":"2026-07-11 11:00:11"}
{"category":"application","level":"info","message":"Database connection is already in progress...","service":"research-connect","timestamp":"2026-07-11 11:00:11"}
{"category":"application","level":"info","message":"Retrying connection in 5 seconds...","service":"research-connect","timestamp":"2026-07-11 11:00:11"}
{"category":"application","level":"info","message":"Initializing MongoDB connection...","service":"research-connect","timestamp":"2026-07-11 11:00:16"}
{"category":"application","level":"warn","message":"Mongoose default connection disconnected. Attempting auto-reconnect...","service":"research-connect","timestamp":"2026-07-11 11:00:21"}
{"category":"application","level":"info","message":"Database connection is already in progress...","service":"research-connect","timestamp":"2026-07-11 11:00:21"}
{"category":"application","level":"info","message":"Retrying connection in 5 seconds...","service":"research-connect","timestamp":"2026-07-11 11:00:21"}
{"category":"application","level":"info","message":"Initializing MongoDB connection...","service":"research-connect","timestamp":"2026-07-11 11:00:26"}
{"category":"application","level":"warn","message":"Mongoose default connection disconnected. Attempting auto-reconnect...","service":"research-connect","timestamp":"2026-07-11 11:00:31"}
{"category":"application","level":"info","message":"Database connection is already in progress...","service":"research-connect","timestamp":"2026-07-11 11:00:31"}
{"category":"application","level":"info","message":"Retrying connection in 5 seconds...","service":"research-connect","timestamp":"2026-07-11 11:00:31"}
{"category":"application","level":"info","message":"Initializing MongoDB connection...","service":"research-connect","timestamp":"2026-07-11 11:00:36"}
{"category":"application","level":"warn","message":"Mongoose default connection disconnected. Attempting auto-reconnect...","service":"research-connect","timestamp":"2026-07-11 11:00:41"}
{"category":"application","level":"info","message":"Database connection is already in progress...","service":"research-connect","timestamp":"2026-07-11 11:00:41"}
{"category":"application","level":"info","message":"Retrying connection in 5 seconds...","service":"research-connect","timestamp":"2026-07-11 11:00:41"}
{"category":"application","level":"info","message":"Initializing MongoDB connection...","service":"research-connect","timestamp":"2026-07-11 11:00:46"}
{"category":"application","level":"warn","message":"Mongoose default connection disconnected. Attempting auto-reconnect...","service":"research-connect","timestamp":"2026-07-11 11:00:51"}
{"category":"application","level":"info","message":"Database connection is already in progress...","service":"research-connect","timestamp":"2026-07-11 11:00:51"}
{"category":"application","level":"info","message":"Retrying connection in 5 seconds...","service":"research-connect","timestamp":"2026-07-11 11:00:51"}
{"category":"application","level":"info","message":"Initializing MongoDB connection...","service":"research-connect","timestamp":"2026-07-11 11:00:56"}
{"category":"application","level":"warn","message":"Mongoose default connection disconnected. Attempting auto-reconnect...","service":"research-connect","timestamp":"2026-07-11 11:01:01"}
{"category":"application","level":"info","message":"Database connection is already in progress...","service":"research-connect","timestamp":"2026-07-11 11:01:01"}
{"category":"application","level":"info","message":"Retrying connection in 5 seconds...","service":"research-connect","timestamp":"2026-07-11 11:01:01"}
{"category":"application","level":"info","message":"Initializing MongoDB connection...","service":"research-connect","timestamp":"2026-07-11 11:01:06"}
{"category":"application","level":"warn","message":"Mongoose default connection disconnected. Attempting auto-reconnect...","service":"research-connect","timestamp":"2026-07-11 11:01:11"}
{"category":"application","level":"info","message":"Database connection is already in progress...","service":"research-connect","timestamp":"2026-07-11 11:01:11"}
{"category":"application","level":"info","message":"Retrying connection in 5 seconds...","service":"research-connect","timestamp":"2026-07-11 11:01:11"}
{"category":"application","level":"info","message":"Initializing MongoDB connection...","service":"research-connect","timestamp":"2026-07-11 11:01:16"}
{"category":"application","level":"warn","message":"Mongoose default connection disconnected. Attempting auto-reconnect...","service":"research-connect","timestamp":"2026-07-11 11:01:21"}
{"category":"application","level":"info","message":"Database connection is already in progress...","service":"research-connect","timestamp":"2026-07-11 11:01:21"}
{"category":"application","level":"info","message":"Retrying connection in 5 seconds...","service":"research-connect","timestamp":"2026-07-11 11:01:21"}
{"category":"application","level":"info","message":"Initializing MongoDB connection...","service":"research-connect","timestamp":"2026-07-11 11:01:26"}
{"category":"application","level":"warn","message":"Mongoose default connection disconnected. Attempting auto-reconnect...","service":"research-connect","timestamp":"2026-07-11 11:01:31"}
{"category":"application","level":"info","message":"Database connection is already in progress...","service":"research-connect","timestamp":"2026-07-11 11:01:31"}
{"category":"application","level":"info","message":"Retrying connection in 5 seconds...","service":"research-connect","timestamp":"2026-07-11 11:01:31"}
{"category":"application","level":"info","message":"e3c3559c-45e4-497d-9bd2-7723f5160bf4 ::ffff:127.0.0.1 POST /api/v1/auth/login 500 125 - 10018.900 ms","service":"research-connect","tags":["api-request"],"timestamp":"2026-07-11 11:01:32"}
{"category":"application","level":"info","message":"Initializing MongoDB connection...","service":"research-connect","timestamp":"2026-07-11 11:01:36"}
{"category":"application","level":"warn","message":"Mongoose default connection disconnected. Attempting auto-reconnect...","service":"research-connect","timestamp":"2026-07-11 11:01:41"}
{"category":"application","level":"info","message":"Database connection is already in progress...","service":"research-connect","timestamp":"2026-07-11 11:01:41"}
{"category":"application","level":"info","message":"Retrying connection in 5 seconds...","service":"research-connect","timestamp":"2026-07-11 11:01:41"}
{"category":"application","level":"info","message":"Initializing MongoDB connection...","service":"research-connect","timestamp":"2026-07-11 11:01:46"}
{"category":"application","level":"warn","message":"Mongoose default connection disconnected. Attempting auto-reconnect...","service":"research-connect","timestamp":"2026-07-11 11:01:51"}
{"category":"application","level":"info","message":"Database connection is already in progress...","service":"research-connect","timestamp":"2026-07-11 11:01:51"}
{"category":"application","level":"info","message":"Retrying connection in 5 seconds...","service":"research-connect","timestamp":"2026-07-11 11:01:51"}
{"category":"application","level":"info","message":"Initializing MongoDB connection...","service":"research-connect","timestamp":"2026-07-11 11:01:56"}
{"category":"application","level":"info","message":"73251e82-d753-472c-a70f-b22a4deb3658 ::ffff:127.0.0.1 POST /api/v1/auth/login 500 125 - 10004.970 ms","service":"research-connect","tags":["api-request"],"timestamp":"2026-07-11 11:02:00"}
{"category":"application","level":"warn","message":"Mongoose default connection disconnected. Attempting auto-reconnect...","service":"research-connect","timestamp":"2026-07-11 11:02:01"}
{"category":"application","level":"info","message":"Database connection is already in progress...","service":"research-connect","timestamp":"2026-07-11 11:02:01"}
{"category":"application","level":"info","message":"Retrying connection in 5 seconds...","service":"research-connect","timestamp":"2026-07-11 11:02:01"}
{"category":"application","level":"info","message":"Initializing MongoDB connection...","service":"research-connect","timestamp":"2026-07-11 11:02:06"}
{"category":"application","level":"info","message":"Initializing MongoDB connection...","service":"research-connect","timestamp":"2026-07-11 11:02:09"}
{"category":"application","level":"warn","message":"Mongoose default connection disconnected. Attempting auto-reconnect...","service":"research-connect","timestamp":"2026-07-11 11:02:14"}
{"category":"application","level":"info","message":"Database connection is already in progress...","service":"research-connect","timestamp":"2026-07-11 11:02:14"}
{"category":"application","level":"info","message":"Retrying connection in 5 seconds...","service":"research-connect","timestamp":"2026-07-11 11:02:14"}
{"category":"application","level":"info","message":"Research Connect server running on port 5000 in development mode","service":"research-connect","timestamp":"2026-07-11 11:02:14"}
{"category":"application","level":"info","message":"Auditing and syncing database indexes...","service":"research-connect","timestamp":"2026-07-11 11:02:14"}
{"category":"application","level":"info","message":"Initializing MongoDB connection...","service":"research-connect","timestamp":"2026-07-11 11:02:19"}
{"category":"application","level":"warn","message":"Mongoose default connection disconnected. Attempting auto-reconnect...","service":"research-connect","timestamp":"2026-07-11 11:02:24"}
{"category":"application","level":"info","message":"Database connection is already in progress...","service":"research-connect","timestamp":"2026-07-11 11:02:24"}
{"category":"application","level":"info","message":"Retrying connection in 5 seconds...","service":"research-connect","timestamp":"2026-07-11 11:02:24"}
{"category":"application","level":"debug","message":"Index publication_full_text_search not found or could not be dropped: Operation `publications.dropIndex()` buffering timed out after 10000ms","service":"research-connect","timestamp":"2026-07-11 11:02:24"}
{"category":"application","level":"info","message":"Syncing indexes for model: User","service":"research-connect","timestamp":"2026-07-11 11:02:24"}
{"category":"application","level":"info","message":"Initializing MongoDB connection...","service":"research-connect","timestamp":"2026-07-11 11:02:29"}
{"category":"application","level":"warn","message":"Mongoose default connection disconnected. Attempting auto-reconnect...","service":"research-connect","timestamp":"2026-07-11 11:02:34"}
{"category":"application","level":"info","message":"Database connection is already in progress...","service":"research-connect","timestamp":"2026-07-11 11:02:34"}
{"category":"application","level":"info","message":"Retrying connection in 5 seconds...","service":"research-connect","timestamp":"2026-07-11 11:02:34"}
{"category":"application","level":"info","message":"Initializing background Scholar import queue worker...","service":"research-connect","timestamp":"2026-07-11 11:02:34"}
{"category":"application","level":"info","message":"Initializing background Identity Sync queue worker...","service":"research-connect","timestamp":"2026-07-11 11:02:34"}
{"category":"application","level":"info","message":"Background workers initialized.","service":"research-connect","timestamp":"2026-07-11 11:02:34"}
{"category":"application","level":"info","message":"Initializing MongoDB connection...","service":"research-connect","timestamp":"2026-07-11 11:02:39"}
{"category":"application","level":"info","message":"Initializing MongoDB connection...","service":"research-connect","timestamp":"2026-07-11 11:02:42"}
{"category":"application","level":"warn","message":"Mongoose default connection disconnected. Attempting auto-reconnect...","service":"research-connect","timestamp":"2026-07-11 11:02:44"}
{"category":"application","level":"info","message":"Database connection is already in progress...","service":"research-connect","timestamp":"2026-07-11 11:02:44"}
{"category":"application","level":"info","message":"Retrying connection in 5 seconds...","service":"research-connect","timestamp":"2026-07-11 11:02:44"}
{"category":"application","level":"warn","message":"Mongoose default connection disconnected. Attempting auto-reconnect...","service":"research-connect","timestamp":"2026-07-11 11:02:47"}
{"category":"application","level":"info","message":"Initializing MongoDB connection...","service":"research-connect","timestamp":"2026-07-11 11:02:49"}
{"category":"application","level":"warn","message":"Mongoose default connection disconnected. Attempting auto-reconnect...","service":"research-connect","timestamp":"2026-07-11 11:02:54"}
{"category":"application","level":"info","message":"Database connection is already in progress...","service":"research-connect","timestamp":"2026-07-11 11:02:54"}
{"category":"application","level":"info","message":"Retrying connection in 5 seconds...","service":"research-connect","timestamp":"2026-07-11 11:02:54"}
{"category":"application","level":"info","message":"Initializing MongoDB connection...","service":"research-connect","timestamp":"2026-07-11 11:02:59"}
{"category":"application","level":"warn","message":"Mongoose default connection disconnected. Attempting auto-reconnect...","service":"research-connect","timestamp":"2026-07-11 11:03:04"}
{"category":"application","level":"info","message":"Database connection is already in progress...","service":"research-connect","timestamp":"2026-07-11 11:03:04"}
{"category":"application","level":"info","message":"Retrying connection in 5 seconds...","service":"research-connect","timestamp":"2026-07-11 11:03:04"}
{"category":"application","level":"info","message":"Initializing MongoDB connection...","service":"research-connect","timestamp":"2026-07-11 11:03:09"}
{"category":"application","level":"warn","message":"Mongoose default connection disconnected. Attempting auto-reconnect...","service":"research-connect","timestamp":"2026-07-11 11:03:14"}
{"category":"application","level":"info","message":"Database connection is already in progress...","service":"research-connect","timestamp":"2026-07-11 11:03:14"}
{"category":"application","level":"info","message":"Retrying connection in 5 seconds...","service":"research-connect","timestamp":"2026-07-11 11:03:14"}
{"category":"application","level":"info","message":"cb4d3908-e58f-47bf-aeed-c31d1299b9eb ::ffff:127.0.0.1 GET /api/categories 304 - - 1.232 ms","service":"research-connect","tags":["api-request"],"timestamp":"2026-07-11 11:03:14"}
{"category":"application","level":"info","message":"957d84ab-8c3f-4b81-9602-dcc1fb98e2e7 ::ffff:127.0.0.1 GET /api/categories 304 - - 0.390 ms","service":"research-connect","tags":["api-request"],"timestamp":"2026-07-11 11:03:14"}
{"category":"application","level":"info","message":"Initializing MongoDB connection...","service":"research-connect","timestamp":"2026-07-11 11:03:19"}
{"category":"application","level":"warn","message":"Mongoose default connection disconnected. Attempting auto-reconnect...","service":"research-connect","timestamp":"2026-07-11 11:03:24"}
{"category":"application","level":"info","message":"Database connection is already in progress...","service":"research-connect","timestamp":"2026-07-11 11:03:24"}
{"category":"application","level":"info","message":"Retrying connection in 5 seconds...","service":"research-connect","timestamp":"2026-07-11 11:03:24"}
{"category":"application","level":"info","message":"e77ae510-b9d1-4bc6-948f-531ec9c48353 ::ffff:127.0.0.1 GET /api/stats 500 132 - 10012.681 ms","service":"research-connect","tags":["api-request"],"timestamp":"2026-07-11 11:03:24"}
{"category":"application","level":"info","message":"Initializing MongoDB connection...","service":"research-connect","timestamp":"2026-07-11 11:03:29"}
{"category":"application","level":"warn","message":"Mongoose default connection disconnected. Attempting auto-reconnect...","service":"research-connect","timestamp":"2026-07-11 11:03:34"}
{"category":"application","level":"info","message":"Database connection is already in progress...","service":"research-connect","timestamp":"2026-07-11 11:03:34"}
{"category":"application","level":"info","message":"Retrying connection in 5 seconds...","service":"research-connect","timestamp":"2026-07-11 11:03:34"}
{"category":"application","level":"info","message":"ba4a68a4-6236-4286-b521-e5aeed78fd50 ::ffff:127.0.0.1 GET /api/stats 500 132 - 10010.840 ms","service":"research-connect","tags":["api-request"],"timestamp":"2026-07-11 11:03:34"}
{"category":"application","level":"info","message":"Initializing MongoDB connection...","service":"research-connect","timestamp":"2026-07-11 11:03:39"}
{"category":"application","level":"warn","message":"Mongoose default connection disconnected. Attempting auto-reconnect...","service":"research-connect","timestamp":"2026-07-11 11:03:44"}
{"category":"application","level":"info","message":"Database connection is already in progress...","service":"research-connect","timestamp":"2026-07-11 11:03:44"}
{"category":"application","level":"info","message":"Retrying connection in 5 seconds...","service":"research-connect","timestamp":"2026-07-11 11:03:44"}
{"category":"application","level":"info","message":"Initializing MongoDB connection...","service":"research-connect","timestamp":"2026-07-11 11:03:49"}
{"category":"application","level":"warn","message":"Mongoose default connection disconnected. Attempting auto-reconnect...","service":"research-connect","timestamp":"2026-07-11 11:03:54"}
{"category":"application","level":"info","message":"Database connection is already in progress...","service":"research-connect","timestamp":"2026-07-11 11:03:54"}
{"category":"application","level":"info","message":"Retrying connection in 5 seconds...","service":"research-connect","timestamp":"2026-07-11 11:03:54"}
{"category":"application","level":"info","message":"Initializing MongoDB connection...","service":"research-connect","timestamp":"2026-07-11 11:03:59"}
{"category":"application","level":"warn","message":"Mongoose default connection disconnected. Attempting auto-reconnect...","service":"research-connect","timestamp":"2026-07-11 11:04:04"}
{"category":"application","level":"info","message":"Database connection is already in progress...","service":"research-connect","timestamp":"2026-07-11 11:04:04"}
{"category":"application","level":"info","message":"Retrying connection in 5 seconds...","service":"research-connect","timestamp":"2026-07-11 11:04:04"}
{"category":"application","level":"info","message":"Initializing MongoDB connection...","service":"research-connect","timestamp":"2026-07-11 11:04:09"}
{"category":"application","level":"warn","message":"Mongoose default connection disconnected. Attempting auto-reconnect...","service":"research-connect","timestamp":"2026-07-11 11:04:14"}
{"category":"application","level":"info","message":"Database connection is already in progress...","service":"research-connect","timestamp":"2026-07-11 11:04:14"}
{"category":"application","level":"info","message":"Retrying connection in 5 seconds...","service":"research-connect","timestamp":"2026-07-11 11:04:14"}
{"category":"application","level":"info","message":"Initializing MongoDB connection...","service":"research-connect","timestamp":"2026-07-11 11:04:19"}
{"category":"application","level":"warn","message":"Mongoose default connection disconnected. Attempting auto-reconnect...","service":"research-connect","timestamp":"2026-07-11 11:04:24"}
{"category":"application","level":"info","message":"Database connection is already in progress...","service":"research-connect","timestamp":"2026-07-11 11:04:24"}
{"category":"application","level":"info","message":"Retrying connection in 5 seconds...","service":"research-connect","timestamp":"2026-07-11 11:04:24"}
{"category":"application","level":"info","message":"Initializing MongoDB connection...","service":"research-connect","timestamp":"2026-07-11 11:04:29"}
{"category":"application","level":"warn","message":"Mongoose default connection disconnected. Attempting auto-reconnect...","service":"research-connect","timestamp":"2026-07-11 11:04:34"}
{"category":"application","level":"info","message":"Database connection is already in progress...","service":"research-connect","timestamp":"2026-07-11 11:04:34"}
{"category":"application","level":"info","message":"Retrying connection in 5 seconds...","service":"research-connect","timestamp":"2026-07-11 11:04:34"}
